2024-12-30 01:10:51,730 - INFO - Beginning execution of the app.
2024-12-30 01:11:18,590 - INFO - Price drops detected for the following units: 1407
2024-12-30 01:11:18,598 - INFO - Price increases detected for these units: 710, 906, 1206, 406
2024-12-30 01:11:18,601 - INFO - Completed execution of the app.
2024-12-31 01:07:59,201 - INFO - Beginning execution of the app.
2024-12-31 01:08:19,943 - INFO - Price drops detected for the following units: 1407
2024-12-31 01:08:19,954 - INFO - Completed execution of the app.
2025-01-01 01:14:09,859 - INFO - Beginning execution of the app.
2025-01-01 01:14:28,901 - INFO - Price increases detected for these units: 1407, 1507, 3007, 3514, 2711, 4403, 4811, 511, 1311, 1811, 808, 3208, 2608, 3812, 710, 3910, 4504, 2506, 906, 1206, 4310, 406, 703, 2212, 3312, 4111, 4601
2025-01-01 01:14:28,904 - INFO - Completed execution of the app.
2025-01-02 01:07:45,071 - INFO - Beginning execution of the app.
2025-01-02 01:08:06,206 - INFO - Price drops detected for the following units: 1407, 4811, 808, 2608, 3312
2025-01-02 01:08:06,217 - INFO - Completed execution of the app.
2025-01-03 01:08:45,476 - INFO - Beginning execution of the app.
2025-01-03 01:09:07,020 - INFO - Price drops detected for the following units: 4601, 5601, 1407, 5604, 4111, 1811, 710, 906, 1206, 406, 407, 504, 1004, 1804, 1304, 2004, 2204, 2104, 2904
2025-01-03 01:09:07,029 - INFO - Price increases detected for these units: 4811, 808, 2608, 3312
2025-01-03 01:09:07,032 - INFO - Units new to the market: 1506
2025-01-03 01:09:07,032 - INFO - Completed execution of the app.
2025-01-04 01:07:07,142 - INFO - Beginning execution of the app.
2025-01-04 01:07:29,427 - INFO - Price drops detected for the following units: 3514, 1407, 1507, 3007, 2711, 4403, 511, 1311, 1811
2025-01-04 01:07:29,436 - INFO - Price increases detected for these units: 5604, 5601, 4811, 808, 2608, 3208, 4504, 2506, 710, 3910, 3812, 906, 1206, 1506, 4310, 2212, 3312, 703
2025-01-04 01:07:29,438 - INFO - Units new to the market: 3614, 5602
2025-01-04 01:07:29,439 - INFO - Completed execution of the app.
2025-01-05 01:14:09,832 - INFO - Beginning execution of the app.
2025-01-05 01:14:31,354 - INFO - Price drops detected for the following units: 1407, 4811
2025-01-05 01:14:31,363 - INFO - Price increases detected for these units: 3614
2025-01-05 01:14:31,366 - INFO - Units new to the market: 5805
2025-01-05 01:14:31,366 - INFO - Completed execution of the app.
2025-01-06 01:11:53,976 - INFO - Beginning execution of the app.
2025-01-06 01:12:10,537 - INFO - Price drops detected for the following units: 1407, 4811
2025-01-06 01:12:10,546 - INFO - Price increases detected for these units: 5805, 710, 906, 1206
2025-01-06 01:12:10,549 - INFO - Completed execution of the app.
